<?xml version="1.0" encoding="UTF-8"?>
<!-- Generated by org.testng.reporters.JUnitReportReporter -->
<testsuite hostname="DESKTOP-KMCTGLT" failures="0" tests="7" name="tata_EMS_Project_Test_Cases.Login_Test" time="94.100" errors="0" timestamp="2023-03-02T14:37:59 IST" skipped="0">
  <testcase classname="tata_EMS_Project_Test_Cases.Login_Test" name="Test01_Verifying_login_with_ValidEmail_ValidPassword" time="20.077"/>
  <system-out/>
  <testcase classname="tata_EMS_Project_Test_Cases.Login_Test" name="Test01_Verifying_login_with_ValidEmail_InvalidPassword" time="12.867"/>
  <system-out/>
  <testcase classname="tata_EMS_Project_Test_Cases.Login_Test" name="Test01_Verifying_login_with_InvalidEmail_ValidPassword" time="12.596"/>
  <system-out/>
  <testcase classname="tata_EMS_Project_Test_Cases.Login_Test" name="Test01_Verifying_login_with_InvalidEmail_InvalidPassword" time="12.130"/>
  <system-out/>
  <testcase classname="tata_EMS_Project_Test_Cases.Login_Test" name="Test01_Verifying_login_with_BlankEmail_ValidPassword" time="12.293"/>
  <system-out/>
  <testcase classname="tata_EMS_Project_Test_Cases.Login_Test" name="Test01_Verifying_login_with_ValidEmail_BlankPassword" time="12.086"/>
  <system-out/>
  <testcase classname="tata_EMS_Project_Test_Cases.Login_Test" name="Test01_Verifying_login_with_BlankEmail_BlankPassword" time="12.051"/>
  <system-out/>
</testsuite> <!-- tata_EMS_Project_Test_Cases.Login_Test -->
