<?xml version="1.0" encoding="UTF-8"?>
<!-- Generated by org.testng.reporters.JUnitReportReporter -->
<testsuite hostname="DESKTOP-KMCTGLT" failures="0" tests="4" name="tata_EMS_Project_Test_Cases.Forgot_Password_Test" time="45.874" errors="0" timestamp="2023-03-02T18:30:23 IST" skipped="0">
  <testcase classname="tata_EMS_Project_Test_Cases.Forgot_Password_Test" name="Test07_Verifying_Forgot_Password_with_ValidEmail" time="11.748"/>
  <system-out/>
  <testcase classname="tata_EMS_Project_Test_Cases.Forgot_Password_Test" name="Test07_Verifying_Forgot_Password_with_InvalidEmail" time="10.097"/>
  <system-out/>
  <testcase classname="tata_EMS_Project_Test_Cases.Forgot_Password_Test" name="Test07_Verifying_Forgot_Password_with_BlankDetails" time="14.324"/>
  <system-out/>
  <testcase classname="tata_EMS_Project_Test_Cases.Forgot_Password_Test" name="Test09_Verifying_ForgotPassword_Page_Logo" time="9.705"/>
  <system-out/>
</testsuite> <!-- tata_EMS_Project_Test_Cases.Forgot_Password_Test -->
