<?xml version="1.0" encoding="UTF-8"?>
<!-- Generated by org.testng.reporters.JUnitReportReporter -->
<testsuite hostname="DESKTOP-KMCTGLT" failures="0" tests="1" name="tata_EMS_Project_Test_Cases.login_testd" time="14.767" errors="0" timestamp="2023-03-02T16:56:24 IST" skipped="0">
  <testcase classname="tata_EMS_Project_Test_Cases.login_testd" name="Test01_Verifying_login_with_ValidEmail_ValidPasswords" time="14.767"/>
  <system-out/>
</testsuite> <!-- tata_EMS_Project_Test_Cases.login_testd -->
